<?xml version="1.0" encoding="UTF-8"?>
<testsuite name="HotKitchenTest" tests="1" skipped="0" failures="0" errors="0" timestamp="2022-10-24T20:08:03" hostname="Alduin.local" time="0.843">
  <properties/>
  <testcase name="start" classname="HotKitchenTest" time="0.843"/>
  <system-out><![CDATA[?[1;31m
Start test 1?[0m
?[0;34m23:08:03.418 [main] INFO ktor.test - Autoreload is disabled because the development mode is off.
?[0m?[0;34m23:08:03.626 [main] DEBUG com.zaxxer.hikari.HikariConfig - Driver class org.postgresql.Driver found in Thread context class loader jdk.internal.loader.ClassLoaders$AppClassLoader@6b95977
?[0m?[0;34m23:08:03.630 [main] DEBUG com.zaxxer.hikari.HikariConfig - HikariPool-1 - configuration:
?[0m?[0;34m23:08:03.632 [main] DEBUG com.zaxxer.hikari.HikariConfig - allowPoolSuspension.............false
?[0m?[0;34m23:08:03.632 [main] DEBUG com.zaxxer.hikari.HikariConfig - autoCommit......................false
?[0m?[0;34m23:08:03.632 [main] DEBUG com.zaxxer.hikari.HikariConfig - catalog.........................none
?[0m?[0;34m23:08:03.633 [main] DEBUG com.zaxxer.hikari.HikariConfig - connectionInitSql...............none
?[0m?[0;34m23:08:03.633 [main] DEBUG com.zaxxer.hikari.HikariConfig - connectionTestQuery.............none
?[0m?[0;34m23:08:03.633 [main] DEBUG com.zaxxer.hikari.HikariConfig - connectionTimeout...............30000
?[0m?[0;34m23:08:03.633 [main] DEBUG com.zaxxer.hikari.HikariConfig - dataSource......................none
?[0m?[0;34m23:08:03.633 [main] DEBUG com.zaxxer.hikari.HikariConfig - dataSourceClassName.............none
?[0m?[0;34m23:08:03.633 [main] DEBUG com.zaxxer.hikari.HikariConfig - dataSourceJNDI..................none
?[0m?[0;34m23:08:03.634 [main] DEBUG com.zaxxer.hikari.HikariConfig - dataSourceProperties............{password=<masked>}
?[0m?[0;34m23:08:03.634 [main] DEBUG com.zaxxer.hikari.HikariConfig - driverClassName................."org.postgresql.Driver"
?[0m?[0;34m23:08:03.634 [main] DEBUG com.zaxxer.hikari.HikariConfig - exceptionOverrideClassName......none
?[0m?[0;34m23:08:03.634 [main] DEBUG com.zaxxer.hikari.HikariConfig - healthCheckProperties...........{}
?[0m?[0;34m23:08:03.634 [main] DEBUG com.zaxxer.hikari.HikariConfig - healthCheckRegistry.............none
?[0m?[0;34m23:08:03.634 [main] DEBUG com.zaxxer.hikari.HikariConfig - idleTimeout.....................600000
?[0m?[0;34m23:08:03.634 [main] DEBUG com.zaxxer.hikari.HikariConfig - initializationFailTimeout.......1
?[0m?[0;34m23:08:03.634 [main] DEBUG com.zaxxer.hikari.HikariConfig - isolateInternalQueries..........false
?[0m?[0;34m23:08:03.634 [main] DEBUG com.zaxxer.hikari.HikariConfig - jdbcUrl.........................jdbc:postgresql://localhost:54320/
?[0m?[0;34m23:08:03.635 [main] DEBUG com.zaxxer.hikari.HikariConfig - keepaliveTime...................0
?[0m?[0;34m23:08:03.635 [main] DEBUG com.zaxxer.hikari.HikariConfig - leakDetectionThreshold..........0
?[0m?[0;34m23:08:03.635 [main] DEBUG com.zaxxer.hikari.HikariConfig - maxLifetime.....................1800000
?[0m?[0;34m23:08:03.635 [main] DEBUG com.zaxxer.hikari.HikariConfig - maximumPoolSize.................3
?[0m?[0;34m23:08:03.635 [main] DEBUG com.zaxxer.hikari.HikariConfig - metricRegistry..................none
?[0m?[0;34m23:08:03.635 [main] DEBUG com.zaxxer.hikari.HikariConfig - metricsTrackerFactory...........none
?[0m?[0;34m23:08:03.635 [main] DEBUG com.zaxxer.hikari.HikariConfig - minimumIdle.....................3
?[0m?[0;34m23:08:03.635 [main] DEBUG com.zaxxer.hikari.HikariConfig - password........................<masked>
?[0m?[0;34m23:08:03.635 [main] DEBUG com.zaxxer.hikari.HikariConfig - poolName........................"HikariPool-1"
?[0m?[0;34m23:08:03.635 [main] DEBUG com.zaxxer.hikari.HikariConfig - readOnly........................false
?[0m?[0;34m23:08:03.635 [main] DEBUG com.zaxxer.hikari.HikariConfig - registerMbeans..................false
?[0m?[0;34m23:08:03.636 [main] DEBUG com.zaxxer.hikari.HikariConfig - scheduledExecutor...............none
?[0m?[0;34m23:08:03.636 [main] DEBUG com.zaxxer.hikari.HikariConfig - schema..........................none
?[0m?[0;34m23:08:03.636 [main] DEBUG com.zaxxer.hikari.HikariConfig - threadFactory...................internal
?[0m?[0;34m23:08:03.636 [main] DEBUG com.zaxxer.hikari.HikariConfig - transactionIsolation............"TRANSACTION_REPEATABLE_READ"
?[0m?[0;34m23:08:03.636 [main] DEBUG com.zaxxer.hikari.HikariConfig - username........................"postgres"
?[0m?[0;34m23:08:03.636 [main] DEBUG com.zaxxer.hikari.HikariConfig - validationTimeout...............5000
?[0m?[0;34m23:08:03.637 [main] DEBUG com.zaxxer.hikari.HikariConfig - HikariPool-1 - configuration:
?[0m?[0;34m23:08:03.638 [main] DEBUG com.zaxxer.hikari.HikariConfig - allowPoolSuspension.............false
?[0m?[0;34m23:08:03.638 [main] DEBUG com.zaxxer.hikari.HikariConfig - autoCommit......................false
?[0m?[0;34m23:08:03.638 [main] DEBUG com.zaxxer.hikari.HikariConfig - catalog.........................none
?[0m?[0;34m23:08:03.638 [main] DEBUG com.zaxxer.hikari.HikariConfig - connectionInitSql...............none
?[0m?[0;34m23:08:03.638 [main] DEBUG com.zaxxer.hikari.HikariConfig - connectionTestQuery.............none
?[0m?[0;34m23:08:03.638 [main] DEBUG com.zaxxer.hikari.HikariConfig - connectionTimeout...............30000
?[0m?[0;34m23:08:03.638 [main] DEBUG com.zaxxer.hikari.HikariConfig - dataSource......................none
?[0m?[0;34m23:08:03.638 [main] DEBUG com.zaxxer.hikari.HikariConfig - dataSourceClassName.............none
?[0m?[0;34m23:08:03.638 [main] DEBUG com.zaxxer.hikari.HikariConfig - dataSourceJNDI..................none
?[0m?[0;34m23:08:03.638 [main] DEBUG com.zaxxer.hikari.HikariConfig - dataSourceProperties............{password=<masked>}
?[0m?[0;34m23:08:03.638 [main] DEBUG com.zaxxer.hikari.HikariConfig - driverClassName................."org.postgresql.Driver"
?[0m?[0;34m23:08:03.639 [main] DEBUG com.zaxxer.hikari.HikariConfig - exceptionOverrideClassName......none
?[0m?[0;34m23:08:03.639 [main] DEBUG com.zaxxer.hikari.HikariConfig - healthCheckProperties...........{}
?[0m?[0;34m23:08:03.639 [main] DEBUG com.zaxxer.hikari.HikariConfig - healthCheckRegistry.............none
?[0m?[0;34m23:08:03.639 [main] DEBUG com.zaxxer.hikari.HikariConfig - idleTimeout.....................600000
?[0m?[0;34m23:08:03.639 [main] DEBUG com.zaxxer.hikari.HikariConfig - initializationFailTimeout.......1
?[0m?[0;34m23:08:03.639 [main] DEBUG com.zaxxer.hikari.HikariConfig - isolateInternalQueries..........false
?[0m?[0;34m23:08:03.639 [main] DEBUG com.zaxxer.hikari.HikariConfig - jdbcUrl.........................jdbc:postgresql://localhost:54320/
?[0m?[0;34m23:08:03.639 [main] DEBUG com.zaxxer.hikari.HikariConfig - keepaliveTime...................0
?[0m?[0;34m23:08:03.639 [main] DEBUG com.zaxxer.hikari.HikariConfig - leakDetectionThreshold..........0
?[0m?[0;34m23:08:03.640 [main] DEBUG com.zaxxer.hikari.HikariConfig - maxLifetime.....................1800000
?[0m?[0;34m23:08:03.640 [main] DEBUG com.zaxxer.hikari.HikariConfig - maximumPoolSize.................3
?[0m?[0;34m23:08:03.640 [main] DEBUG com.zaxxer.hikari.HikariConfig - metricRegistry..................none
?[0m?[0;34m23:08:03.640 [main] DEBUG com.zaxxer.hikari.HikariConfig - metricsTrackerFactory...........none
?[0m?[0;34m23:08:03.640 [main] DEBUG com.zaxxer.hikari.HikariConfig - minimumIdle.....................3
?[0m?[0;34m23:08:03.640 [main] DEBUG com.zaxxer.hikari.HikariConfig - password........................<masked>
?[0m?[0;34m23:08:03.640 [main] DEBUG com.zaxxer.hikari.HikariConfig - poolName........................"HikariPool-1"
?[0m?[0;34m23:08:03.640 [main] DEBUG com.zaxxer.hikari.HikariConfig - readOnly........................false
?[0m?[0;34m23:08:03.640 [main] DEBUG com.zaxxer.hikari.HikariConfig - registerMbeans..................false
?[0m?[0;34m23:08:03.640 [main] DEBUG com.zaxxer.hikari.HikariConfig - scheduledExecutor...............none
?[0m?[0;34m23:08:03.640 [main] DEBUG com.zaxxer.hikari.HikariConfig - schema..........................none
?[0m?[0;34m23:08:03.640 [main] DEBUG com.zaxxer.hikari.HikariConfig - threadFactory...................internal
?[0m?[0;34m23:08:03.641 [main] DEBUG com.zaxxer.hikari.HikariConfig - transactionIsolation............"TRANSACTION_REPEATABLE_READ"
?[0m?[0;34m23:08:03.641 [main] DEBUG com.zaxxer.hikari.HikariConfig - username........................"postgres"
?[0m?[0;34m23:08:03.641 [main] DEBUG com.zaxxer.hikari.HikariConfig - validationTimeout...............5000
?[0m?[0;34m23:08:03.641 [main] INFO com.zaxxer.hikari.HikariDataSource - HikariPool-1 - Starting...
?[0m?[0;34m23:08:03.698 [main] INFO com.zaxxer.hikari.pool.HikariPool - HikariPool-1 - Added connection org.postgresql.jdbc.PgConnection@33544f54
?[0m?[0;34m23:08:03.699 [main] INFO com.zaxxer.hikari.HikariDataSource - HikariPool-1 - Start completed.
?[0m?[0;34m23:08:03.711 [main] DEBUG com.zaxxer.hikari.pool.ProxyConnection - HikariPool-1 - Executed rollback on connection org.postgresql.jdbc.PgConnection@33544f54 due to dirty commit state on close().
?[0m?[0;34m23:08:03.752 [main] DEBUG com.zaxxer.hikari.pool.PoolBase - HikariPool-1 - Reset (isolation) on connection org.postgresql.jdbc.PgConnection@33544f54
?[0m?[0;34m23:08:03.752 [main] INFO ktor.test - Application started in 0.359 seconds.
?[0;34m23:08:03.804 [HikariPool-1 housekeeper] DEBUG com.zaxxer.hikari.pool.HikariPool - HikariPool-1 - Pool stats (total=1, active=0, idle=1, waiting=0)
?[0;34m23:08:03.809 [HikariPool-1 connection adder] DEBUG com.zaxxer.hikari.pool.HikariPool - HikariPool-1 - Added connection org.postgresql.jdbc.PgConnection@593d5472
?[0m?[0;34m23:08:03.826 [HikariPool-1 connection adder] DEBUG com.zaxxer.hikari.pool.HikariPool - HikariPool-1 - Added connection org.postgresql.jdbc.PgConnection@57fab125
?[0m?[0;34m23:08:03.839 [HikariPool-1 connection adder] DEBUG com.zaxxer.hikari.pool.HikariPool - HikariPool-1 - After adding stats (total=3, active=0, idle=3, waiting=0)
?[1;31m
Start test 2?[0m
?[0;34m23:08:03.848 [main] INFO ktor.test - Autoreload is disabled because the development mode is off.
?[0m?[0;34m23:08:03.849 [main] DEBUG com.zaxxer.hikari.HikariConfig - Driver class org.postgresql.Driver found in Thread context class loader jdk.internal.loader.ClassLoaders$AppClassLoader@6b95977
?[0m?[0;34m23:08:03.849 [main] DEBUG com.zaxxer.hikari.HikariConfig - HikariPool-2 - configuration:
?[0m?[0;34m23:08:03.850 [main] DEBUG com.zaxxer.hikari.HikariConfig - allowPoolSuspension.............false
?[0m?[0;34m23:08:03.850 [main] DEBUG com.zaxxer.hikari.HikariConfig - autoCommit......................false
?[0m?[0;34m23:08:03.850 [main] DEBUG com.zaxxer.hikari.HikariConfig - catalog.........................none
?[0m?[0;34m23:08:03.850 [main] DEBUG com.zaxxer.hikari.HikariConfig - connectionInitSql...............none
?[0m?[0;34m23:08:03.850 [main] DEBUG com.zaxxer.hikari.HikariConfig - connectionTestQuery.............none
?[0m?[0;34m23:08:03.850 [main] DEBUG com.zaxxer.hikari.HikariConfig - connectionTimeout...............30000
?[0m?[0;34m23:08:03.850 [main] DEBUG com.zaxxer.hikari.HikariConfig - dataSource......................none
?[0m?[0;34m23:08:03.851 [main] DEBUG com.zaxxer.hikari.HikariConfig - dataSourceClassName.............none
?[0m?[0;34m23:08:03.851 [main] DEBUG com.zaxxer.hikari.HikariConfig - dataSourceJNDI..................none
?[0m?[0;34m23:08:03.851 [main] DEBUG com.zaxxer.hikari.HikariConfig - dataSourceProperties............{password=<masked>}
?[0m?[0;34m23:08:03.851 [main] DEBUG com.zaxxer.hikari.HikariConfig - driverClassName................."org.postgresql.Driver"
?[0m?[0;34m23:08:03.851 [main] DEBUG com.zaxxer.hikari.HikariConfig - exceptionOverrideClassName......none
?[0m?[0;34m23:08:03.851 [main] DEBUG com.zaxxer.hikari.HikariConfig - healthCheckProperties...........{}
?[0m?[0;34m23:08:03.851 [main] DEBUG com.zaxxer.hikari.HikariConfig - healthCheckRegistry.............none
?[0m?[0;34m23:08:03.851 [main] DEBUG com.zaxxer.hikari.HikariConfig - idleTimeout.....................600000
?[0m?[0;34m23:08:03.851 [main] DEBUG com.zaxxer.hikari.HikariConfig - initializationFailTimeout.......1
?[0m?[0;34m23:08:03.851 [main] DEBUG com.zaxxer.hikari.HikariConfig - isolateInternalQueries..........false
?[0m?[0;34m23:08:03.852 [main] DEBUG com.zaxxer.hikari.HikariConfig - jdbcUrl.........................jdbc:postgresql://localhost:54320/
?[0m?[0;34m23:08:03.852 [main] DEBUG com.zaxxer.hikari.HikariConfig - keepaliveTime...................0
?[0m?[0;34m23:08:03.852 [main] DEBUG com.zaxxer.hikari.HikariConfig - leakDetectionThreshold..........0
?[0m?[0;34m23:08:03.852 [main] DEBUG com.zaxxer.hikari.HikariConfig - maxLifetime.....................1800000
?[0m?[0;34m23:08:03.852 [main] DEBUG com.zaxxer.hikari.HikariConfig - maximumPoolSize.................3
?[0m?[0;34m23:08:03.852 [main] DEBUG com.zaxxer.hikari.HikariConfig - metricRegistry..................none
?[0m?[0;34m23:08:03.852 [main] DEBUG com.zaxxer.hikari.HikariConfig - metricsTrackerFactory...........none
?[0m?[0;34m23:08:03.852 [main] DEBUG com.zaxxer.hikari.HikariConfig - minimumIdle.....................3
?[0m?[0;34m23:08:03.852 [main] DEBUG com.zaxxer.hikari.HikariConfig - password........................<masked>
?[0m?[0;34m23:08:03.852 [main] DEBUG com.zaxxer.hikari.HikariConfig - poolName........................"HikariPool-2"
?[0m?[0;34m23:08:03.852 [main] DEBUG com.zaxxer.hikari.HikariConfig - readOnly........................false
?[0m?[0;34m23:08:03.853 [main] DEBUG com.zaxxer.hikari.HikariConfig - registerMbeans..................false
?[0m?[0;34m23:08:03.853 [main] DEBUG com.zaxxer.hikari.HikariConfig - scheduledExecutor...............none
?[0m?[0;34m23:08:03.853 [main] DEBUG com.zaxxer.hikari.HikariConfig - schema..........................none
?[0m?[0;34m23:08:03.853 [main] DEBUG com.zaxxer.hikari.HikariConfig - threadFactory...................internal
?[0m?[0;34m23:08:03.853 [main] DEBUG com.zaxxer.hikari.HikariConfig - transactionIsolation............"TRANSACTION_REPEATABLE_READ"
?[0m?[0;34m23:08:03.853 [main] DEBUG com.zaxxer.hikari.HikariConfig - username........................"postgres"
?[0m?[0;34m23:08:03.853 [main] DEBUG com.zaxxer.hikari.HikariConfig - validationTimeout...............5000
?[0m?[0;34m23:08:03.854 [main] DEBUG com.zaxxer.hikari.HikariConfig - HikariPool-2 - configuration:
?[0m?[0;34m23:08:03.855 [main] DEBUG com.zaxxer.hikari.HikariConfig - allowPoolSuspension.............false
?[0m?[0;34m23:08:03.855 [main] DEBUG com.zaxxer.hikari.HikariConfig - autoCommit......................false
?[0m?[0;34m23:08:03.855 [main] DEBUG com.zaxxer.hikari.HikariConfig - catalog.........................none
?[0m?[0;34m23:08:03.855 [main] DEBUG com.zaxxer.hikari.HikariConfig - connectionInitSql...............none
?[0m?[0;34m23:08:03.855 [main] DEBUG com.zaxxer.hikari.HikariConfig - connectionTestQuery.............none
?[0m?[0;34m23:08:03.855 [main] DEBUG com.zaxxer.hikari.HikariConfig - connectionTimeout...............30000
?[0m?[0;34m23:08:03.855 [main] DEBUG com.zaxxer.hikari.HikariConfig - dataSource......................none
?[0m?[0;34m23:08:03.855 [main] DEBUG com.zaxxer.hikari.HikariConfig - dataSourceClassName.............none
?[0m?[0;34m23:08:03.855 [main] DEBUG com.zaxxer.hikari.HikariConfig - dataSourceJNDI..................none
?[0m?[0;34m23:08:03.856 [main] DEBUG com.zaxxer.hikari.HikariConfig - dataSourceProperties............{password=<masked>}
?[0m?[0;34m23:08:03.856 [main] DEBUG com.zaxxer.hikari.HikariConfig - driverClassName................."org.postgresql.Driver"
?[0m?[0;34m23:08:03.856 [main] DEBUG com.zaxxer.hikari.HikariConfig - exceptionOverrideClassName......none
?[0m?[0;34m23:08:03.856 [main] DEBUG com.zaxxer.hikari.HikariConfig - healthCheckProperties...........{}
?[0m?[0;34m23:08:03.856 [main] DEBUG com.zaxxer.hikari.HikariConfig - healthCheckRegistry.............none
?[0m?[0;34m23:08:03.856 [main] DEBUG com.zaxxer.hikari.HikariConfig - idleTimeout.....................600000
?[0m?[0;34m23:08:03.856 [main] DEBUG com.zaxxer.hikari.HikariConfig - initializationFailTimeout.......1
?[0m?[0;34m23:08:03.856 [main] DEBUG com.zaxxer.hikari.HikariConfig - isolateInternalQueries..........false
?[0m?[0;34m23:08:03.856 [main] DEBUG com.zaxxer.hikari.HikariConfig - jdbcUrl.........................jdbc:postgresql://localhost:54320/
?[0m?[0;34m23:08:03.856 [main] DEBUG com.zaxxer.hikari.HikariConfig - keepaliveTime...................0
?[0m?[0;34m23:08:03.856 [main] DEBUG com.zaxxer.hikari.HikariConfig - leakDetectionThreshold..........0
?[0m?[0;34m23:08:03.856 [main] DEBUG com.zaxxer.hikari.HikariConfig - maxLifetime.....................1800000
?[0m?[0;34m23:08:03.856 [main] DEBUG com.zaxxer.hikari.HikariConfig - maximumPoolSize.................3
?[0m?[0;34m23:08:03.856 [main] DEBUG com.zaxxer.hikari.HikariConfig - metricRegistry..................none
?[0m?[0;34m23:08:03.856 [main] DEBUG com.zaxxer.hikari.HikariConfig - metricsTrackerFactory...........none
?[0m?[0;34m23:08:03.857 [main] DEBUG com.zaxxer.hikari.HikariConfig - minimumIdle.....................3
?[0m?[0;34m23:08:03.857 [main] DEBUG com.zaxxer.hikari.HikariConfig - password........................<masked>
?[0m?[0;34m23:08:03.857 [main] DEBUG com.zaxxer.hikari.HikariConfig - poolName........................"HikariPool-2"
?[0m?[0;34m23:08:03.857 [main] DEBUG com.zaxxer.hikari.HikariConfig - readOnly........................false
?[0m?[0;34m23:08:03.857 [main] DEBUG com.zaxxer.hikari.HikariConfig - registerMbeans..................false
?[0m?[0;34m23:08:03.857 [main] DEBUG com.zaxxer.hikari.HikariConfig - scheduledExecutor...............none
?[0m?[0;34m23:08:03.857 [main] DEBUG com.zaxxer.hikari.HikariConfig - schema..........................none
?[0m?[0;34m23:08:03.857 [main] DEBUG com.zaxxer.hikari.HikariConfig - threadFactory...................internal
?[0m?[0;34m23:08:03.857 [main] DEBUG com.zaxxer.hikari.HikariConfig - transactionIsolation............"TRANSACTION_REPEATABLE_READ"
?[0m?[0;34m23:08:03.857 [main] DEBUG com.zaxxer.hikari.HikariConfig - username........................"postgres"
?[0m?[0;34m23:08:03.857 [main] DEBUG com.zaxxer.hikari.HikariConfig - validationTimeout...............5000
?[0m?[0;34m23:08:03.857 [main] INFO com.zaxxer.hikari.HikariDataSource - HikariPool-2 - Starting...
?[0m?[0;34m23:08:03.864 [main] INFO com.zaxxer.hikari.pool.HikariPool - HikariPool-2 - Added connection org.postgresql.jdbc.PgConnection@43866430
?[0m?[0;34m23:08:03.864 [main] INFO com.zaxxer.hikari.HikariDataSource - HikariPool-2 - Start completed.
?[0m?[0;34m23:08:03.864 [main] DEBUG com.zaxxer.hikari.pool.ProxyConnection - HikariPool-2 - Executed rollback on connection org.postgresql.jdbc.PgConnection@43866430 due to dirty commit state on close().
?[0m?[0;34m23:08:03.869 [main] DEBUG com.zaxxer.hikari.pool.PoolBase - HikariPool-2 - Reset (isolation) on connection org.postgresql.jdbc.PgConnection@43866430
?[0m?[0;34m23:08:03.869 [main] INFO ktor.test - Application started in 0.021 seconds.
?[1;31m
Start test 3?[0m
?[0;34m23:08:03.893 [main] INFO ktor.test - Autoreload is disabled because the development mode is off.
?[0m?[0;34m23:08:03.894 [main] DEBUG com.zaxxer.hikari.HikariConfig - Driver class org.postgresql.Driver found in Thread context class loader jdk.internal.loader.ClassLoaders$AppClassLoader@6b95977
?[0m?[0;34m23:08:03.894 [main] DEBUG com.zaxxer.hikari.HikariConfig - HikariPool-3 - configuration:
?[0m?[0;34m23:08:03.895 [main] DEBUG com.zaxxer.hikari.HikariConfig - allowPoolSuspension.............false
?[0m?[0;34m23:08:03.895 [main] DEBUG com.zaxxer.hikari.HikariConfig - autoCommit......................false
?[0m?[0;34m23:08:03.895 [main] DEBUG com.zaxxer.hikari.HikariConfig - catalog.........................none
?[0m?[0;34m23:08:03.895 [main] DEBUG com.zaxxer.hikari.HikariConfig - connectionInitSql...............none
?[0m?[0;34m23:08:03.895 [main] DEBUG com.zaxxer.hikari.HikariConfig - connectionTestQuery.............none
?[0m?[0;34m23:08:03.895 [main] DEBUG com.zaxxer.hikari.HikariConfig - connectionTimeout...............30000
?[0m?[0;34m23:08:03.896 [main] DEBUG com.zaxxer.hikari.HikariConfig - dataSource......................none
?[0m?[0;34m23:08:03.896 [main] DEBUG com.zaxxer.hikari.HikariConfig - dataSourceClassName.............none
?[0m?[0;34m23:08:03.896 [main] DEBUG com.zaxxer.hikari.HikariConfig - dataSourceJNDI..................none
?[0m?[0;34m23:08:03.896 [main] DEBUG com.zaxxer.hikari.HikariConfig - dataSourceProperties............{password=<masked>}
?[0m?[0;34m23:08:03.896 [main] DEBUG com.zaxxer.hikari.HikariConfig - driverClassName................."org.postgresql.Driver"
?[0m?[0;34m23:08:03.896 [main] DEBUG com.zaxxer.hikari.HikariConfig - exceptionOverrideClassName......none
?[0m?[0;34m23:08:03.896 [main] DEBUG com.zaxxer.hikari.HikariConfig - healthCheckProperties...........{}
?[0m?[0;34m23:08:03.896 [main] DEBUG com.zaxxer.hikari.HikariConfig - healthCheckRegistry.............none
?[0m?[0;34m23:08:03.896 [main] DEBUG com.zaxxer.hikari.HikariConfig - idleTimeout.....................600000
?[0m?[0;34m23:08:03.896 [main] DEBUG com.zaxxer.hikari.HikariConfig - initializationFailTimeout.......1
?[0m?[0;34m23:08:03.897 [main] DEBUG com.zaxxer.hikari.HikariConfig - isolateInternalQueries..........false
?[0m?[0;34m23:08:03.897 [main] DEBUG com.zaxxer.hikari.HikariConfig - jdbcUrl.........................jdbc:postgresql://localhost:54320/
?[0m?[0;34m23:08:03.897 [main] DEBUG com.zaxxer.hikari.HikariConfig - keepaliveTime...................0
?[0m?[0;34m23:08:03.897 [main] DEBUG com.zaxxer.hikari.HikariConfig - leakDetectionThreshold..........0
?[0m?[0;34m23:08:03.897 [main] DEBUG com.zaxxer.hikari.HikariConfig - maxLifetime.....................1800000
?[0m?[0;34m23:08:03.897 [main] DEBUG com.zaxxer.hikari.HikariConfig - maximumPoolSize.................3
?[0m?[0;34m23:08:03.897 [main] DEBUG com.zaxxer.hikari.HikariConfig - metricRegistry..................none
?[0m?[0;34m23:08:03.897 [main] DEBUG com.zaxxer.hikari.HikariConfig - metricsTrackerFactory...........none
?[0m?[0;34m23:08:03.897 [main] DEBUG com.zaxxer.hikari.HikariConfig - minimumIdle.....................3
?[0m?[0;34m23:08:03.897 [main] DEBUG com.zaxxer.hikari.HikariConfig - password........................<masked>
?[0m?[0;34m23:08:03.897 [main] DEBUG com.zaxxer.hikari.HikariConfig - poolName........................"HikariPool-3"
?[0m?[0;34m23:08:03.897 [main] DEBUG com.zaxxer.hikari.HikariConfig - readOnly........................false
?[0m?[0;34m23:08:03.898 [main] DEBUG com.zaxxer.hikari.HikariConfig - registerMbeans..................false
?[0m?[0;34m23:08:03.898 [main] DEBUG com.zaxxer.hikari.HikariConfig - scheduledExecutor...............none
?[0m?[0;34m23:08:03.898 [main] DEBUG com.zaxxer.hikari.HikariConfig - schema..........................none
?[0m?[0;34m23:08:03.898 [main] DEBUG com.zaxxer.hikari.HikariConfig - threadFactory...................internal
?[0m?[0;34m23:08:03.898 [main] DEBUG com.zaxxer.hikari.HikariConfig - transactionIsolation............"TRANSACTION_REPEATABLE_READ"
?[0m?[0;34m23:08:03.898 [main] DEBUG com.zaxxer.hikari.HikariConfig - username........................"postgres"
?[0m?[0;34m23:08:03.898 [main] DEBUG com.zaxxer.hikari.HikariConfig - validationTimeout...............5000
?[0m?[0;34m23:08:03.898 [main] DEBUG com.zaxxer.hikari.HikariConfig - HikariPool-3 - configuration:
?[0m?[0;34m23:08:03.898 [main] DEBUG com.zaxxer.hikari.HikariConfig - allowPoolSuspension.............false
?[0m?[0;34m23:08:03.898 [main] DEBUG com.zaxxer.hikari.HikariConfig - autoCommit......................false
?[0m?[0;34m23:08:03.898 [main] DEBUG com.zaxxer.hikari.HikariConfig - catalog.........................none
?[0m?[0;34m23:08:03.899 [main] DEBUG com.zaxxer.hikari.HikariConfig - connectionInitSql...............none
?[0m?[0;34m23:08:03.899 [main] DEBUG com.zaxxer.hikari.HikariConfig - connectionTestQuery.............none
?[0m?[0;34m23:08:03.899 [main] DEBUG com.zaxxer.hikari.HikariConfig - connectionTimeout...............30000
?[0m?[0;34m23:08:03.899 [main] DEBUG com.zaxxer.hikari.HikariConfig - dataSource......................none
?[0m?[0;34m23:08:03.899 [main] DEBUG com.zaxxer.hikari.HikariConfig - dataSourceClassName.............none
?[0m?[0;34m23:08:03.899 [main] DEBUG com.zaxxer.hikari.HikariConfig - dataSourceJNDI..................none
?[0m?[0;34m23:08:03.899 [main] DEBUG com.zaxxer.hikari.HikariConfig - dataSourceProperties............{password=<masked>}
?[0m?[0;34m23:08:03.899 [main] DEBUG com.zaxxer.hikari.HikariConfig - driverClassName................."org.postgresql.Driver"
?[0m?[0;34m23:08:03.899 [main] DEBUG com.zaxxer.hikari.HikariConfig - exceptionOverrideClassName......none
?[0m?[0;34m23:08:03.899 [main] DEBUG com.zaxxer.hikari.HikariConfig - healthCheckProperties...........{}
?[0m?[0;34m23:08:03.899 [main] DEBUG com.zaxxer.hikari.HikariConfig - healthCheckRegistry.............none
?[0m?[0;34m23:08:03.899 [main] DEBUG com.zaxxer.hikari.HikariConfig - idleTimeout.....................600000
?[0m?[0;34m23:08:03.899 [main] DEBUG com.zaxxer.hikari.HikariConfig - initializationFailTimeout.......1
?[0m?[0;34m23:08:03.899 [main] DEBUG com.zaxxer.hikari.HikariConfig - isolateInternalQueries..........false
?[0m?[0;34m23:08:03.899 [main] DEBUG com.zaxxer.hikari.HikariConfig - jdbcUrl.........................jdbc:postgresql://localhost:54320/
?[0m?[0;34m23:08:03.899 [main] DEBUG com.zaxxer.hikari.HikariConfig - keepaliveTime...................0
?[0m?[0;34m23:08:03.899 [main] DEBUG com.zaxxer.hikari.HikariConfig - leakDetectionThreshold..........0
?[0m?[0;34m23:08:03.899 [main] DEBUG com.zaxxer.hikari.HikariConfig - maxLifetime.....................1800000
?[0m?[0;34m23:08:03.899 [main] DEBUG com.zaxxer.hikari.HikariConfig - maximumPoolSize.................3
?[0m?[0;34m23:08:03.899 [main] DEBUG com.zaxxer.hikari.HikariConfig - metricRegistry..................none
?[0m?[0;34m23:08:03.900 [main] DEBUG com.zaxxer.hikari.HikariConfig - metricsTrackerFactory...........none
?[0m?[0;34m23:08:03.900 [main] DEBUG com.zaxxer.hikari.HikariConfig - minimumIdle.....................3
?[0m?[0;34m23:08:03.900 [main] DEBUG com.zaxxer.hikari.HikariConfig - password........................<masked>
?[0m?[0;34m23:08:03.900 [main] DEBUG com.zaxxer.hikari.HikariConfig - poolName........................"HikariPool-3"
?[0m?[0;34m23:08:03.900 [main] DEBUG com.zaxxer.hikari.HikariConfig - readOnly........................false
?[0m?[0;34m23:08:03.900 [main] DEBUG com.zaxxer.hikari.HikariConfig - registerMbeans..................false
?[0m?[0;34m23:08:03.900 [main] DEBUG com.zaxxer.hikari.HikariConfig - scheduledExecutor...............none
?[0m?[0;34m23:08:03.900 [main] DEBUG com.zaxxer.hikari.HikariConfig - schema..........................none
?[0m?[0;34m23:08:03.900 [main] DEBUG com.zaxxer.hikari.HikariConfig - threadFactory...................internal
?[0m?[0;34m23:08:03.900 [main] DEBUG com.zaxxer.hikari.HikariConfig - transactionIsolation............"TRANSACTION_REPEATABLE_READ"
?[0m?[0;34m23:08:03.900 [main] DEBUG com.zaxxer.hikari.HikariConfig - username........................"postgres"
?[0m?[0;34m23:08:03.900 [main] DEBUG com.zaxxer.hikari.HikariConfig - validationTimeout...............5000
?[0m?[0;34m23:08:03.900 [main] INFO com.zaxxer.hikari.HikariDataSource - HikariPool-3 - Starting...
?[0m?[0;34m23:08:03.907 [main] INFO com.zaxxer.hikari.pool.HikariPool - HikariPool-3 - Added connection org.postgresql.jdbc.PgConnection@37d996f1
?[0m?[0;34m23:08:03.907 [main] INFO com.zaxxer.hikari.HikariDataSource - HikariPool-3 - Start completed.
?[0m?[0;34m23:08:03.908 [main] DEBUG com.zaxxer.hikari.pool.ProxyConnection - HikariPool-3 - Executed rollback on connection org.postgresql.jdbc.PgConnection@37d996f1 due to dirty commit state on close().
?[0m?[0;34m23:08:03.914 [main] DEBUG com.zaxxer.hikari.pool.PoolBase - HikariPool-3 - Reset (isolation) on connection org.postgresql.jdbc.PgConnection@37d996f1
?[0m?[0;34m23:08:03.914 [main] INFO ktor.test - Application started in 0.021 seconds.
?[0;34m23:08:03.935 [DefaultDispatcher-worker-2 @request#81] DEBUG Exposed - SELECT credentials.id, credentials.email, credentials."userType", credentials."password" FROM credentials WHERE credentials.email = '1666642083298@mail.com'
?[0m?[0;34m23:08:03.936 [DefaultDispatcher-worker-2 @request#81] DEBUG com.zaxxer.hikari.pool.PoolBase - HikariPool-3 - Reset (isolation) on connection org.postgresql.jdbc.PgConnection@37d996f1
?[0m?[0;34m23:08:03.944 [DefaultDispatcher-worker-2 @request#81] DEBUG Exposed - INSERT INTO credentials (email, id, "password", "userType") VALUES ('1666642083298@mail.com', 'f303fe77-635f-4d75-a6b3-6b012d38a9da', 'ad4e62754350e00905a4614875ae0073', 'client')
?[0m?[0;34m23:08:03.945 [DefaultDispatcher-worker-2 @request#81] DEBUG com.zaxxer.hikari.pool.PoolBase - HikariPool-3 - Reset (isolation) on connection org.postgresql.jdbc.PgConnection@37d996f1
?[0;34m23:08:03.968 [HikariPool-2 housekeeper] DEBUG com.zaxxer.hikari.pool.HikariPool - HikariPool-2 - Pool stats (total=1, active=0, idle=1, waiting=0)
?[0;34m23:08:03.974 [HikariPool-2 connection adder] DEBUG com.zaxxer.hikari.pool.HikariPool - HikariPool-2 - Added connection org.postgresql.jdbc.PgConnection@6913825a
?[1;31m
Start test 4?[0m
?[0;34m23:08:03.977 [main] INFO ktor.test - Autoreload is disabled because the development mode is off.
?[0m?[0;34m23:08:03.978 [main] DEBUG com.zaxxer.hikari.HikariConfig - Driver class org.postgresql.Driver found in Thread context class loader jdk.internal.loader.ClassLoaders$AppClassLoader@6b95977
?[0m?[0;34m23:08:03.979 [main] DEBUG com.zaxxer.hikari.HikariConfig - HikariPool-4 - configuration:
?[0m?[0;34m23:08:03.979 [main] DEBUG com.zaxxer.hikari.HikariConfig - allowPoolSuspension.............false
?[0m?[0;34m23:08:03.979 [main] DEBUG com.zaxxer.hikari.HikariConfig - autoCommit......................false
?[0m?[0;34m23:08:03.979 [main] DEBUG com.zaxxer.hikari.HikariConfig - catalog.........................none
?[0m?[0;34m23:08:03.979 [main] DEBUG com.zaxxer.hikari.HikariConfig - connectionInitSql...............none
?[0m?[0;34m23:08:03.979 [main] DEBUG com.zaxxer.hikari.HikariConfig - connectionTestQuery.............none
?[0m?[0;34m23:08:03.979 [main] DEBUG com.zaxxer.hikari.HikariConfig - connectionTimeout...............30000
?[0m?[0;34m23:08:03.979 [main] DEBUG com.zaxxer.hikari.HikariConfig - dataSource......................none
?[0m?[0;34m23:08:03.979 [main] DEBUG com.zaxxer.hikari.HikariConfig - dataSourceClassName.............none
?[0m?[0;34m23:08:03.980 [main] DEBUG com.zaxxer.hikari.HikariConfig - dataSourceJNDI..................none
?[0m?[0;34m23:08:03.980 [main] DEBUG com.zaxxer.hikari.HikariConfig - dataSourceProperties............{password=<masked>}
?[0m?[0;34m23:08:03.980 [main] DEBUG com.zaxxer.hikari.HikariConfig - driverClassName................."org.postgresql.Driver"
?[0m?[0;34m23:08:03.980 [main] DEBUG com.zaxxer.hikari.HikariConfig - exceptionOverrideClassName......none
?[0m?[0;34m23:08:03.980 [main] DEBUG com.zaxxer.hikari.HikariConfig - healthCheckProperties...........{}
?[0m?[0;34m23:08:03.980 [main] DEBUG com.zaxxer.hikari.HikariConfig - healthCheckRegistry.............none
?[0m?[0;34m23:08:03.980 [main] DEBUG com.zaxxer.hikari.HikariConfig - idleTimeout.....................600000
?[0m?[0;34m23:08:03.980 [main] DEBUG com.zaxxer.hikari.HikariConfig - initializationFailTimeout.......1
?[0m?[0;34m23:08:03.980 [main] DEBUG com.zaxxer.hikari.HikariConfig - isolateInternalQueries..........false
?[0m?[0;34m23:08:03.980 [main] DEBUG com.zaxxer.hikari.HikariConfig - jdbcUrl.........................jdbc:postgresql://localhost:54320/
?[0m?[0;34m23:08:03.980 [main] DEBUG com.zaxxer.hikari.HikariConfig - keepaliveTime...................0
?[0m?[0;34m23:08:03.980 [main] DEBUG com.zaxxer.hikari.HikariConfig - leakDetectionThreshold..........0
?[0m?[0;34m23:08:03.980 [main] DEBUG com.zaxxer.hikari.HikariConfig - maxLifetime.....................1800000
?[0m?[0;34m23:08:03.980 [main] DEBUG com.zaxxer.hikari.HikariConfig - maximumPoolSize.................3
?[0m?[0;34m23:08:03.980 [main] DEBUG com.zaxxer.hikari.HikariConfig - metricRegistry..................none
?[0m?[0;34m23:08:03.980 [main] DEBUG com.zaxxer.hikari.HikariConfig - metricsTrackerFactory...........none
?[0m?[0;34m23:08:03.980 [main] DEBUG com.zaxxer.hikari.HikariConfig - minimumIdle.....................3
?[0m?[0;34m23:08:03.980 [main] DEBUG com.zaxxer.hikari.HikariConfig - password........................<masked>
?[0m?[0;34m23:08:03.980 [main] DEBUG com.zaxxer.hikari.HikariConfig - poolName........................"HikariPool-4"
?[0m?[0;34m23:08:03.980 [main] DEBUG com.zaxxer.hikari.HikariConfig - readOnly........................false
?[0m?[0;34m23:08:03.980 [main] DEBUG com.zaxxer.hikari.HikariConfig - registerMbeans..................false
?[0m?[0;34m23:08:03.980 [main] DEBUG com.zaxxer.hikari.HikariConfig - scheduledExecutor...............none
?[0m?[0;34m23:08:03.980 [main] DEBUG com.zaxxer.hikari.HikariConfig - schema..........................none
?[0m?[0;34m23:08:03.981 [main] DEBUG com.zaxxer.hikari.HikariConfig - threadFactory...................internal
?[0m?[0;34m23:08:03.981 [main] DEBUG com.zaxxer.hikari.HikariConfig - transactionIsolation............"TRANSACTION_REPEATABLE_READ"
?[0m?[0;34m23:08:03.981 [main] DEBUG com.zaxxer.hikari.HikariConfig - username........................"postgres"
?[0m?[0;34m23:08:03.981 [main] DEBUG com.zaxxer.hikari.HikariConfig - validationTimeout...............5000
?[0m?[0;34m23:08:03.981 [main] DEBUG com.zaxxer.hikari.HikariConfig - HikariPool-4 - configuration:
?[0m?[0;34m23:08:03.982 [main] DEBUG com.zaxxer.hikari.HikariConfig - allowPoolSuspension.............false
?[0m?[0;34m23:08:03.982 [main] DEBUG com.zaxxer.hikari.HikariConfig - autoCommit......................false
?[0m?[0;34m23:08:03.982 [main] DEBUG com.zaxxer.hikari.HikariConfig - catalog.........................none
?[0m?[0;34m23:08:03.982 [main] DEBUG com.zaxxer.hikari.HikariConfig - connectionInitSql...............none
?[0m?[0;34m23:08:03.982 [main] DEBUG com.zaxxer.hikari.HikariConfig - connectionTestQuery.............none
?[0m?[0;34m23:08:03.982 [main] DEBUG com.zaxxer.hikari.HikariConfig - connectionTimeout...............30000
?[0m?[0;34m23:08:03.983 [main] DEBUG com.zaxxer.hikari.HikariConfig - dataSource......................none
?[0m?[0;34m23:08:03.983 [main] DEBUG com.zaxxer.hikari.HikariConfig - dataSourceClassName.............none
?[0m?[0;34m23:08:03.983 [main] DEBUG com.zaxxer.hikari.HikariConfig - dataSourceJNDI..................none
?[0m?[0;34m23:08:03.983 [main] DEBUG com.zaxxer.hikari.HikariConfig - dataSourceProperties............{password=<masked>}
?[0m?[0;34m23:08:03.983 [main] DEBUG com.zaxxer.hikari.HikariConfig - driverClassName................."org.postgresql.Driver"
?[0m?[0;34m23:08:03.983 [main] DEBUG com.zaxxer.hikari.HikariConfig - exceptionOverrideClassName......none
?[0m?[0;34m23:08:03.983 [main] DEBUG com.zaxxer.hikari.HikariConfig - healthCheckProperties...........{}
?[0m?[0;34m23:08:03.983 [main] DEBUG com.zaxxer.hikari.HikariConfig - healthCheckRegistry.............none
?[0m?[0;34m23:08:03.984 [main] DEBUG com.zaxxer.hikari.HikariConfig - idleTimeout.....................600000
?[0m?[0;34m23:08:03.984 [main] DEBUG com.zaxxer.hikari.HikariConfig - initializationFailTimeout.......1
?[0m?[0;34m23:08:03.984 [main] DEBUG com.zaxxer.hikari.HikariConfig - isolateInternalQueries..........false
?[0m?[0;34m23:08:03.984 [main] DEBUG com.zaxxer.hikari.HikariConfig - jdbcUrl.........................jdbc:postgresql://localhost:54320/
?[0m?[0;34m23:08:03.984 [main] DEBUG com.zaxxer.hikari.HikariConfig - keepaliveTime...................0
?[0m?[0;34m23:08:03.984 [main] DEBUG com.zaxxer.hikari.HikariConfig - leakDetectionThreshold..........0
?[0m?[0;34m23:08:03.984 [main] DEBUG com.zaxxer.hikari.HikariConfig - maxLifetime.....................1800000
?[0m?[0;34m23:08:03.984 [main] DEBUG com.zaxxer.hikari.HikariConfig - maximumPoolSize.................3
?[0m?[0;34m23:08:03.984 [main] DEBUG com.zaxxer.hikari.HikariConfig - metricRegistry..................none
?[0m?[0;34m23:08:03.984 [main] DEBUG com.zaxxer.hikari.HikariConfig - metricsTrackerFactory...........none
?[0m?[0;34m23:08:03.984 [main] DEBUG com.zaxxer.hikari.HikariConfig - minimumIdle.....................3
?[0m?[0;34m23:08:03.984 [main] DEBUG com.zaxxer.hikari.HikariConfig - password........................<masked>
?[0m?[0;34m23:08:03.984 [main] DEBUG com.zaxxer.hikari.HikariConfig - poolName........................"HikariPool-4"
?[0m?[0;34m23:08:03.984 [main] DEBUG com.zaxxer.hikari.HikariConfig - readOnly........................false
?[0m?[0;34m23:08:03.985 [main] DEBUG com.zaxxer.hikari.HikariConfig - registerMbeans..................false
?[0m?[0;34m23:08:03.985 [main] DEBUG com.zaxxer.hikari.HikariConfig - scheduledExecutor...............none
?[0m?[0;34m23:08:03.985 [main] DEBUG com.zaxxer.hikari.HikariConfig - schema..........................none
?[0m?[0;34m23:08:03.985 [main] DEBUG com.zaxxer.hikari.HikariConfig - threadFactory...................internal
?[0m?[0;34m23:08:03.985 [main] DEBUG com.zaxxer.hikari.HikariConfig - transactionIsolation............"TRANSACTION_REPEATABLE_READ"
?[0m?[0;34m23:08:03.985 [main] DEBUG com.zaxxer.hikari.HikariConfig - username........................"postgres"
?[0m?[0;34m23:08:03.985 [main] DEBUG com.zaxxer.hikari.HikariConfig - validationTimeout...............5000
?[0m?[0;34m23:08:03.985 [main] INFO com.zaxxer.hikari.HikariDataSource - HikariPool-4 - Starting...
?[0m?[0;34m23:08:03.997 [HikariPool-2 connection adder] DEBUG com.zaxxer.hikari.pool.HikariPool - HikariPool-2 - Added connection org.postgresql.jdbc.PgConnection@67d47108
?[0m?[0;34m23:08:03.998 [main] INFO com.zaxxer.hikari.pool.HikariPool - HikariPool-4 - Added connection org.postgresql.jdbc.PgConnection@4593a58b
?[0m?[0;34m23:08:03.998 [main] INFO com.zaxxer.hikari.HikariDataSource - HikariPool-4 - Start completed.
?[0m?[0;34m23:08:03.998 [main] DEBUG com.zaxxer.hikari.pool.ProxyConnection - HikariPool-4 - Executed rollback on connection org.postgresql.jdbc.PgConnection@4593a58b due to dirty commit state on close().
?[0m?[0;34m23:08:04.003 [main] DEBUG com.zaxxer.hikari.pool.PoolBase - HikariPool-4 - Reset (isolation) on connection org.postgresql.jdbc.PgConnection@4593a58b
?[0m?[0;34m23:08:04.003 [main] INFO ktor.test - Application started in 0.026 seconds.
?[0;34m23:08:04.006 [DefaultDispatcher-worker-3 @request#85] DEBUG Exposed - SELECT credentials.id, credentials.email, credentials."userType", credentials."password" FROM credentials WHERE credentials.email = '1666642083298@mail.com'
?[0m?[0;34m23:08:04.008 [DefaultDispatcher-worker-3 @request#85] DEBUG com.zaxxer.hikari.pool.PoolBase - HikariPool-4 - Reset (isolation) on connection org.postgresql.jdbc.PgConnection@4593a58b
?[1;31m
Start test 5?[0m
?[0m?[0;34m23:08:04.010 [HikariPool-2 connection adder] DEBUG com.zaxxer.hikari.pool.HikariPool - HikariPool-2 - After adding stats (total=3, active=0, idle=3, waiting=0)
?[0;34m23:08:04.010 [HikariPool-3 housekeeper] DEBUG com.zaxxer.hikari.pool.HikariPool - HikariPool-3 - Pool stats (total=1, active=0, idle=1, waiting=0)
?[0;34m23:08:04.011 [main] INFO ktor.test - Autoreload is disabled because the development mode is off.
?[0m?[0;34m23:08:04.012 [main] DEBUG com.zaxxer.hikari.HikariConfig - Driver class org.postgresql.Driver found in Thread context class loader jdk.internal.loader.ClassLoaders$AppClassLoader@6b95977
?[0m?[0;34m23:08:04.012 [main] DEBUG com.zaxxer.hikari.HikariConfig - HikariPool-5 - configuration:
?[0m?[0;34m23:08:04.013 [main] DEBUG com.zaxxer.hikari.HikariConfig - allowPoolSuspension.............false
?[0m?[0;34m23:08:04.013 [main] DEBUG com.zaxxer.hikari.HikariConfig - autoCommit......................false
?[0m?[0;34m23:08:04.013 [main] DEBUG com.zaxxer.hikari.HikariConfig - catalog.........................none
?[0m?[0;34m23:08:04.013 [main] DEBUG com.zaxxer.hikari.HikariConfig - connectionInitSql...............none
?[0m?[0;34m23:08:04.013 [main] DEBUG com.zaxxer.hikari.HikariConfig - connectionTestQuery.............none
?[0m?[0;34m23:08:04.013 [main] DEBUG com.zaxxer.hikari.HikariConfig - connectionTimeout...............30000
?[0m?[0;34m23:08:04.013 [main] DEBUG com.zaxxer.hikari.HikariConfig - dataSource......................none
?[0m?[0;34m23:08:04.013 [main] DEBUG com.zaxxer.hikari.HikariConfig - dataSourceClassName.............none
?[0m?[0;34m23:08:04.013 [main] DEBUG com.zaxxer.hikari.HikariConfig - dataSourceJNDI..................none
?[0m?[0;34m23:08:04.013 [main] DEBUG com.zaxxer.hikari.HikariConfig - dataSourceProperties............{password=<masked>}
?[0m?[0;34m23:08:04.013 [main] DEBUG com.zaxxer.hikari.HikariConfig - driverClassName................."org.postgresql.Driver"
?[0m?[0;34m23:08:04.013 [main] DEBUG com.zaxxer.hikari.HikariConfig - exceptionOverrideClassName......none
?[0m?[0;34m23:08:04.013 [main] DEBUG com.zaxxer.hikari.HikariConfig - healthCheckProperties...........{}
?[0m?[0;34m23:08:04.013 [main] DEBUG com.zaxxer.hikari.HikariConfig - healthCheckRegistry.............none
?[0m?[0;34m23:08:04.013 [main] DEBUG com.zaxxer.hikari.HikariConfig - idleTimeout.....................600000
?[0m?[0;34m23:08:04.013 [main] DEBUG com.zaxxer.hikari.HikariConfig - initializationFailTimeout.......1
?[0m?[0;34m23:08:04.013 [main] DEBUG com.zaxxer.hikari.HikariConfig - isolateInternalQueries..........false
?[0m?[0;34m23:08:04.013 [main] DEBUG com.zaxxer.hikari.HikariConfig - jdbcUrl.........................jdbc:postgresql://localhost:54320/
?[0m?[0;34m23:08:04.014 [main] DEBUG com.zaxxer.hikari.HikariConfig - keepaliveTime...................0
?[0m?[0;34m23:08:04.014 [main] DEBUG com.zaxxer.hikari.HikariConfig - leakDetectionThreshold..........0
?[0m?[0;34m23:08:04.014 [main] DEBUG com.zaxxer.hikari.HikariConfig - maxLifetime.....................1800000
?[0m?[0;34m23:08:04.014 [main] DEBUG com.zaxxer.hikari.HikariConfig - maximumPoolSize.................3
?[0m?[0;34m23:08:04.014 [main] DEBUG com.zaxxer.hikari.HikariConfig - metricRegistry..................none
?[0m?[0;34m23:08:04.014 [main] DEBUG com.zaxxer.hikari.HikariConfig - metricsTrackerFactory...........none
?[0m?[0;34m23:08:04.014 [main] DEBUG com.zaxxer.hikari.HikariConfig - minimumIdle.....................3
?[0m?[0;34m23:08:04.014 [main] DEBUG com.zaxxer.hikari.HikariConfig - password........................<masked>
?[0m?[0;34m23:08:04.014 [main] DEBUG com.zaxxer.hikari.HikariConfig - poolName........................"HikariPool-5"
?[0m?[0;34m23:08:04.014 [main] DEBUG com.zaxxer.hikari.HikariConfig - readOnly........................false
?[0m?[0;34m23:08:04.014 [main] DEBUG com.zaxxer.hikari.HikariConfig - registerMbeans..................false
?[0m?[0;34m23:08:04.014 [main] DEBUG com.zaxxer.hikari.HikariConfig - scheduledExecutor...............none
?[0m?[0;34m23:08:04.014 [main] DEBUG com.zaxxer.hikari.HikariConfig - schema..........................none
?[0m?[0;34m23:08:04.014 [main] DEBUG com.zaxxer.hikari.HikariConfig - threadFactory...................internal
?[0m?[0;34m23:08:04.014 [main] DEBUG com.zaxxer.hikari.HikariConfig - transactionIsolation............"TRANSACTION_REPEATABLE_READ"
?[0m?[0;34m23:08:04.014 [main] DEBUG com.zaxxer.hikari.HikariConfig - username........................"postgres"
?[0m?[0;34m23:08:04.014 [main] DEBUG com.zaxxer.hikari.HikariConfig - validationTimeout...............5000
?[0m?[0;34m23:08:04.014 [main] DEBUG com.zaxxer.hikari.HikariConfig - HikariPool-5 - configuration:
?[0m?[0;34m23:08:04.015 [main] DEBUG com.zaxxer.hikari.HikariConfig - allowPoolSuspension.............false
?[0m?[0;34m23:08:04.015 [main] DEBUG com.zaxxer.hikari.HikariConfig - autoCommit......................false
?[0m?[0;34m23:08:04.015 [main] DEBUG com.zaxxer.hikari.HikariConfig - catalog.........................none
?[0m?[0;34m23:08:04.015 [main] DEBUG com.zaxxer.hikari.HikariConfig - connectionInitSql...............none
?[0m?[0;34m23:08:04.015 [main] DEBUG com.zaxxer.hikari.HikariConfig - connectionTestQuery.............none
?[0m?[0;34m23:08:04.015 [main] DEBUG com.zaxxer.hikari.HikariConfig - connectionTimeout...............30000
?[0m?[0;34m23:08:04.015 [main] DEBUG com.zaxxer.hikari.HikariConfig - dataSource......................none
?[0m?[0;34m23:08:04.015 [main] DEBUG com.zaxxer.hikari.HikariConfig - dataSourceClassName.............none
?[0m?[0;34m23:08:04.015 [main] DEBUG com.zaxxer.hikari.HikariConfig - dataSourceJNDI..................none
?[0m?[0;34m23:08:04.015 [main] DEBUG com.zaxxer.hikari.HikariConfig - dataSourceProperties............{password=<masked>}
?[0m?[0;34m23:08:04.015 [main] DEBUG com.zaxxer.hikari.HikariConfig - driverClassName................."org.postgresql.Driver"
?[0m?[0;34m23:08:04.016 [main] DEBUG com.zaxxer.hikari.HikariConfig - exceptionOverrideClassName......none
?[0m?[0;34m23:08:04.016 [main] DEBUG com.zaxxer.hikari.HikariConfig - healthCheckProperties...........{}
?[0m?[0;34m23:08:04.016 [main] DEBUG com.zaxxer.hikari.HikariConfig - healthCheckRegistry.............none
?[0m?[0;34m23:08:04.016 [main] DEBUG com.zaxxer.hikari.HikariConfig - idleTimeout.....................600000
?[0m?[0;34m23:08:04.016 [main] DEBUG com.zaxxer.hikari.HikariConfig - initializationFailTimeout.......1
?[0m?[0;34m23:08:04.016 [main] DEBUG com.zaxxer.hikari.HikariConfig - isolateInternalQueries..........false
?[0m?[0;34m23:08:04.016 [main] DEBUG com.zaxxer.hikari.HikariConfig - jdbcUrl.........................jdbc:postgresql://localhost:54320/
?[0m?[0;34m23:08:04.016 [main] DEBUG com.zaxxer.hikari.HikariConfig - keepaliveTime...................0
?[0m?[0;34m23:08:04.016 [main] DEBUG com.zaxxer.hikari.HikariConfig - leakDetectionThreshold..........0
?[0m?[0;34m23:08:04.016 [main] DEBUG com.zaxxer.hikari.HikariConfig - maxLifetime.....................1800000
?[0m?[0;34m23:08:04.016 [main] DEBUG com.zaxxer.hikari.HikariConfig - maximumPoolSize.................3
?[0m?[0;34m23:08:04.016 [main] DEBUG com.zaxxer.hikari.HikariConfig - metricRegistry..................none
?[0m?[0;34m23:08:04.016 [main] DEBUG com.zaxxer.hikari.HikariConfig - metricsTrackerFactory...........none
?[0m?[0;34m23:08:04.016 [main] DEBUG com.zaxxer.hikari.HikariConfig - minimumIdle.....................3
?[0m?[0;34m23:08:04.016 [main] DEBUG com.zaxxer.hikari.HikariConfig - password........................<masked>
?[0m?[0;34m23:08:04.016 [main] DEBUG com.zaxxer.hikari.HikariConfig - poolName........................"HikariPool-5"
?[0m?[0;34m23:08:04.016 [main] DEBUG com.zaxxer.hikari.HikariConfig - readOnly........................false
?[0m?[0;34m23:08:04.016 [main] DEBUG com.zaxxer.hikari.HikariConfig - registerMbeans..................false
?[0m?[0;34m23:08:04.016 [main] DEBUG com.zaxxer.hikari.HikariConfig - scheduledExecutor...............none
?[0m?[0;34m23:08:04.016 [main] DEBUG com.zaxxer.hikari.HikariConfig - schema..........................none
?[0m?[0;34m23:08:04.016 [main] DEBUG com.zaxxer.hikari.HikariConfig - threadFactory...................internal
?[0m?[0;34m23:08:04.016 [main] DEBUG com.zaxxer.hikari.HikariConfig - transactionIsolation............"TRANSACTION_REPEATABLE_READ"
?[0m?[0;34m23:08:04.016 [main] DEBUG com.zaxxer.hikari.HikariConfig - username........................"postgres"
?[0m?[0;34m23:08:04.016 [main] DEBUG com.zaxxer.hikari.HikariConfig - validationTimeout...............5000
?[0m?[0;34m23:08:04.017 [main] INFO com.zaxxer.hikari.HikariDataSource - HikariPool-5 - Starting...
?[0;34m23:08:04.017 [HikariPool-3 connection adder] DEBUG com.zaxxer.hikari.pool.HikariPool - HikariPool-3 - Added connection org.postgresql.jdbc.PgConnection@94816b8
?[0m?[0;34m23:08:04.022 [main] INFO com.zaxxer.hikari.pool.HikariPool - HikariPool-5 - Added connection org.postgresql.jdbc.PgConnection@5e84b5f7
?[0m?[0;34m23:08:04.022 [main] INFO com.zaxxer.hikari.HikariDataSource - HikariPool-5 - Start completed.
?[0m?[0;34m23:08:04.023 [main] DEBUG com.zaxxer.hikari.pool.ProxyConnection - HikariPool-5 - Executed rollback on connection org.postgresql.jdbc.PgConnection@5e84b5f7 due to dirty commit state on close().
?[0m?[0;34m23:08:04.028 [main] DEBUG com.zaxxer.hikari.pool.PoolBase - HikariPool-5 - Reset (isolation) on connection org.postgresql.jdbc.PgConnection@5e84b5f7
?[0m?[0;34m23:08:04.029 [main] INFO ktor.test - Application started in 0.018 seconds.
?[0m?[0;34m23:08:04.038 [DefaultDispatcher-worker-3 @request#89] DEBUG Exposed - SELECT credentials.id, credentials.email, credentials."userType", credentials."password" FROM credentials WHERE credentials.email = 'why?does?this?email?exists'
?[0m?[0;34m23:08:04.038 [HikariPool-3 connection adder] DEBUG com.zaxxer.hikari.pool.HikariPool - HikariPool-3 - Added connection org.postgresql.jdbc.PgConnection@78fe9e1
?[0m?[0;34m23:08:04.038 [DefaultDispatcher-worker-3 @request#89] DEBUG com.zaxxer.hikari.pool.PoolBase - HikariPool-5 - Reset (isolation) on connection org.postgresql.jdbc.PgConnection@5e84b5f7
?[0;34m23:08:04.041 [DefaultDispatcher-worker-1 @request#93] DEBUG Exposed - SELECT credentials.id, credentials.email, credentials."userType", credentials."password" FROM credentials WHERE credentials.email = '1666642083298@mail.com'
?[0m?[0;34m23:08:04.042 [DefaultDispatcher-worker-1 @request#93] DEBUG com.zaxxer.hikari.pool.PoolBase - HikariPool-5 - Reset (isolation) on connection org.postgresql.jdbc.PgConnection@5e84b5f7
?[1;31m
Start test 6?[0m
?[0;34m23:08:04.045 [main] INFO ktor.test - Autoreload is disabled because the development mode is off.
?[0m?[0;34m23:08:04.046 [main] DEBUG com.zaxxer.hikari.HikariConfig - Driver class org.postgresql.Driver found in Thread context class loader jdk.internal.loader.ClassLoaders$AppClassLoader@6b95977
?[0m?[0;34m23:08:04.046 [main] DEBUG com.zaxxer.hikari.HikariConfig - HikariPool-6 - configuration:
?[0m?[0;34m23:08:04.046 [main] DEBUG com.zaxxer.hikari.HikariConfig - allowPoolSuspension.............false
?[0m?[0;34m23:08:04.046 [main] DEBUG com.zaxxer.hikari.HikariConfig - autoCommit......................false
?[0m?[0;34m23:08:04.046 [main] DEBUG com.zaxxer.hikari.HikariConfig - catalog.........................none
?[0m?[0;34m23:08:04.046 [main] DEBUG com.zaxxer.hikari.HikariConfig - connectionInitSql...............none
?[0m?[0;34m23:08:04.046 [main] DEBUG com.zaxxer.hikari.HikariConfig - connectionTestQuery.............none
?[0m?[0;34m23:08:04.046 [main] DEBUG com.zaxxer.hikari.HikariConfig - connectionTimeout...............30000
?[0m?[0;34m23:08:04.047 [main] DEBUG com.zaxxer.hikari.HikariConfig - dataSource......................none
?[0m?[0;34m23:08:04.047 [main] DEBUG com.zaxxer.hikari.HikariConfig - dataSourceClassName.............none
?[0m?[0;34m23:08:04.047 [main] DEBUG com.zaxxer.hikari.HikariConfig - dataSourceJNDI..................none
?[0m?[0;34m23:08:04.047 [main] DEBUG com.zaxxer.hikari.HikariConfig - dataSourceProperties............{password=<masked>}
?[0m?[0;34m23:08:04.047 [main] DEBUG com.zaxxer.hikari.HikariConfig - driverClassName................."org.postgresql.Driver"
?[0m?[0;34m23:08:04.047 [main] DEBUG com.zaxxer.hikari.HikariConfig - exceptionOverrideClassName......none
?[0m?[0;34m23:08:04.047 [main] DEBUG com.zaxxer.hikari.HikariConfig - healthCheckProperties...........{}
?[0m?[0;34m23:08:04.047 [main] DEBUG com.zaxxer.hikari.HikariConfig - healthCheckRegistry.............none
?[0m?[0;34m23:08:04.047 [main] DEBUG com.zaxxer.hikari.HikariConfig - idleTimeout.....................600000
?[0m?[0;34m23:08:04.047 [main] DEBUG com.zaxxer.hikari.HikariConfig - initializationFailTimeout.......1
?[0m?[0;34m23:08:04.047 [main] DEBUG com.zaxxer.hikari.HikariConfig - isolateInternalQueries..........false
?[0m?[0;34m23:08:04.047 [main] DEBUG com.zaxxer.hikari.HikariConfig - jdbcUrl.........................jdbc:postgresql://localhost:54320/
?[0m?[0;34m23:08:04.047 [main] DEBUG com.zaxxer.hikari.HikariConfig - keepaliveTime...................0
?[0m?[0;34m23:08:04.047 [main] DEBUG com.zaxxer.hikari.HikariConfig - leakDetectionThreshold..........0
?[0m?[0;34m23:08:04.047 [main] DEBUG com.zaxxer.hikari.HikariConfig - maxLifetime.....................1800000
?[0m?[0;34m23:08:04.047 [main] DEBUG com.zaxxer.hikari.HikariConfig - maximumPoolSize.................3
?[0m?[0;34m23:08:04.047 [main] DEBUG com.zaxxer.hikari.HikariConfig - metricRegistry..................none
?[0m?[0;34m23:08:04.047 [main] DEBUG com.zaxxer.hikari.HikariConfig - metricsTrackerFactory...........none
?[0m?[0;34m23:08:04.047 [main] DEBUG com.zaxxer.hikari.HikariConfig - minimumIdle.....................3
?[0m?[0;34m23:08:04.047 [main] DEBUG com.zaxxer.hikari.HikariConfig - password........................<masked>
?[0m?[0;34m23:08:04.047 [main] DEBUG com.zaxxer.hikari.HikariConfig - poolName........................"HikariPool-6"
?[0m?[0;34m23:08:04.047 [main] DEBUG com.zaxxer.hikari.HikariConfig - readOnly........................false
?[0m?[0;34m23:08:04.047 [main] DEBUG com.zaxxer.hikari.HikariConfig - registerMbeans..................false
?[0m?[0;34m23:08:04.047 [main] DEBUG com.zaxxer.hikari.HikariConfig - scheduledExecutor...............none
?[0m?[0;34m23:08:04.047 [main] DEBUG com.zaxxer.hikari.HikariConfig - schema..........................none
?[0m?[0;34m23:08:04.047 [main] DEBUG com.zaxxer.hikari.HikariConfig - threadFactory...................internal
?[0m?[0;34m23:08:04.047 [main] DEBUG com.zaxxer.hikari.HikariConfig - transactionIsolation............"TRANSACTION_REPEATABLE_READ"
?[0m?[0;34m23:08:04.047 [main] DEBUG com.zaxxer.hikari.HikariConfig - username........................"postgres"
?[0m?[0;34m23:08:04.047 [main] DEBUG com.zaxxer.hikari.HikariConfig - validationTimeout...............5000
?[0m?[0;34m23:08:04.047 [main] DEBUG com.zaxxer.hikari.HikariConfig - HikariPool-6 - configuration:
?[0m?[0;34m23:08:04.048 [main] DEBUG com.zaxxer.hikari.HikariConfig - allowPoolSuspension.............false
?[0m?[0;34m23:08:04.048 [main] DEBUG com.zaxxer.hikari.HikariConfig - autoCommit......................false
?[0m?[0;34m23:08:04.048 [main] DEBUG com.zaxxer.hikari.HikariConfig - catalog.........................none
?[0m?[0;34m23:08:04.048 [main] DEBUG com.zaxxer.hikari.HikariConfig - connectionInitSql...............none
?[0m?[0;34m23:08:04.048 [main] DEBUG com.zaxxer.hikari.HikariConfig - connectionTestQuery.............none
?[0m?[0;34m23:08:04.048 [main] DEBUG com.zaxxer.hikari.HikariConfig - connectionTimeout...............30000
?[0m?[0;34m23:08:04.048 [main] DEBUG com.zaxxer.hikari.HikariConfig - dataSource......................none
?[0m?[0;34m23:08:04.048 [main] DEBUG com.zaxxer.hikari.HikariConfig - dataSourceClassName.............none
?[0m?[0;34m23:08:04.048 [main] DEBUG com.zaxxer.hikari.HikariConfig - dataSourceJNDI..................none
?[0m?[0;34m23:08:04.048 [main] DEBUG com.zaxxer.hikari.HikariConfig - dataSourceProperties............{password=<masked>}
?[0m?[0;34m23:08:04.048 [main] DEBUG com.zaxxer.hikari.HikariConfig - driverClassName................."org.postgresql.Driver"
?[0m?[0;34m23:08:04.048 [main] DEBUG com.zaxxer.hikari.HikariConfig - exceptionOverrideClassName......none
?[0m?[0;34m23:08:04.048 [main] DEBUG com.zaxxer.hikari.HikariConfig - healthCheckProperties...........{}
?[0m?[0;34m23:08:04.048 [main] DEBUG com.zaxxer.hikari.HikariConfig - healthCheckRegistry.............none
?[0m?[0;34m23:08:04.048 [main] DEBUG com.zaxxer.hikari.HikariConfig - idleTimeout.....................600000
?[0m?[0;34m23:08:04.048 [main] DEBUG com.zaxxer.hikari.HikariConfig - initializationFailTimeout.......1
?[0m?[0;34m23:08:04.048 [main] DEBUG com.zaxxer.hikari.HikariConfig - isolateInternalQueries..........false
?[0m?[0;34m23:08:04.048 [main] DEBUG com.zaxxer.hikari.HikariConfig - jdbcUrl.........................jdbc:postgresql://localhost:54320/
?[0m?[0;34m23:08:04.048 [main] DEBUG com.zaxxer.hikari.HikariConfig - keepaliveTime...................0
?[0m?[0;34m23:08:04.048 [main] DEBUG com.zaxxer.hikari.HikariConfig - leakDetectionThreshold..........0
?[0m?[0;34m23:08:04.048 [main] DEBUG com.zaxxer.hikari.HikariConfig - maxLifetime.....................1800000
?[0m?[0;34m23:08:04.049 [main] DEBUG com.zaxxer.hikari.HikariConfig - maximumPoolSize.................3
?[0m?[0;34m23:08:04.049 [main] DEBUG com.zaxxer.hikari.HikariConfig - metricRegistry..................none
?[0m?[0;34m23:08:04.049 [main] DEBUG com.zaxxer.hikari.HikariConfig - metricsTrackerFactory...........none
?[0m?[0;34m23:08:04.049 [main] DEBUG com.zaxxer.hikari.HikariConfig - minimumIdle.....................3
?[0m?[0;34m23:08:04.049 [main] DEBUG com.zaxxer.hikari.HikariConfig - password........................<masked>
?[0m?[0;34m23:08:04.049 [main] DEBUG com.zaxxer.hikari.HikariConfig - poolName........................"HikariPool-6"
?[0m?[0;34m23:08:04.049 [main] DEBUG com.zaxxer.hikari.HikariConfig - readOnly........................false
?[0m?[0;34m23:08:04.049 [main] DEBUG com.zaxxer.hikari.HikariConfig - registerMbeans..................false
?[0m?[0;34m23:08:04.049 [main] DEBUG com.zaxxer.hikari.HikariConfig - scheduledExecutor...............none
?[0m?[0;34m23:08:04.049 [main] DEBUG com.zaxxer.hikari.HikariConfig - schema..........................none
?[0m?[0;34m23:08:04.049 [main] DEBUG com.zaxxer.hikari.HikariConfig - threadFactory...................internal
?[0m?[0;34m23:08:04.049 [main] DEBUG com.zaxxer.hikari.HikariConfig - transactionIsolation............"TRANSACTION_REPEATABLE_READ"
?[0m?[0;34m23:08:04.049 [main] DEBUG com.zaxxer.hikari.HikariConfig - username........................"postgres"
?[0m?[0;34m23:08:04.049 [main] DEBUG com.zaxxer.hikari.HikariConfig - validationTimeout...............5000
?[0m?[0;34m23:08:04.049 [main] INFO com.zaxxer.hikari.HikariDataSource - HikariPool-6 - Starting...
?[0m?[0;34m23:08:04.050 [HikariPool-3 connection adder] DEBUG com.zaxxer.hikari.pool.HikariPool - HikariPool-3 - After adding stats (total=3, active=0, idle=3, waiting=0)
?[0m?[0;34m23:08:04.054 [main] INFO com.zaxxer.hikari.pool.HikariPool - HikariPool-6 - Added connection org.postgresql.jdbc.PgConnection@77b91cfd
?[0m?[0;34m23:08:04.054 [main] INFO com.zaxxer.hikari.HikariDataSource - HikariPool-6 - Start completed.
?[0m?[0;34m23:08:04.054 [main] DEBUG com.zaxxer.hikari.pool.ProxyConnection - HikariPool-6 - Executed rollback on connection org.postgresql.jdbc.PgConnection@77b91cfd due to dirty commit state on close().
?[0m?[0;34m23:08:04.059 [main] DEBUG com.zaxxer.hikari.pool.PoolBase - HikariPool-6 - Reset (isolation) on connection org.postgresql.jdbc.PgConnection@77b91cfd
?[0m?[0;34m23:08:04.060 [main] INFO ktor.test - Application started in 0.015 seconds.
?[0m?[0;34m23:08:04.062 [DefaultDispatcher-worker-1 @request#97] DEBUG Exposed - SELECT credentials.id, credentials.email, credentials."userType", credentials."password" FROM credentials WHERE credentials.email = '1666642083298@mail.com'
?[0m?[0;34m23:08:04.063 [DefaultDispatcher-worker-1 @request#97] DEBUG com.zaxxer.hikari.pool.PoolBase - HikariPool-6 - Reset (isolation) on connection org.postgresql.jdbc.PgConnection@77b91cfd
?[1;31m
Start test 7?[0m
?[0;34m23:08:04.070 [main] INFO ktor.test - Autoreload is disabled because the development mode is off.
?[0m?[0;34m23:08:04.071 [main] DEBUG com.zaxxer.hikari.HikariConfig - Driver class org.postgresql.Driver found in Thread context class loader jdk.internal.loader.ClassLoaders$AppClassLoader@6b95977
?[0m?[0;34m23:08:04.071 [main] DEBUG com.zaxxer.hikari.HikariConfig - HikariPool-7 - configuration:
?[0m?[0;34m23:08:04.072 [main] DEBUG com.zaxxer.hikari.HikariConfig - allowPoolSuspension.............false
?[0m?[0;34m23:08:04.072 [main] DEBUG com.zaxxer.hikari.HikariConfig - autoCommit......................false
?[0m?[0;34m23:08:04.072 [main] DEBUG com.zaxxer.hikari.HikariConfig - catalog.........................none
?[0m?[0;34m23:08:04.072 [main] DEBUG com.zaxxer.hikari.HikariConfig - connectionInitSql...............none
?[0m?[0;34m23:08:04.072 [main] DEBUG com.zaxxer.hikari.HikariConfig - connectionTestQuery.............none
?[0m?[0;34m23:08:04.072 [main] DEBUG com.zaxxer.hikari.HikariConfig - connectionTimeout...............30000
?[0m?[0;34m23:08:04.072 [main] DEBUG com.zaxxer.hikari.HikariConfig - dataSource......................none
?[0m?[0;34m23:08:04.072 [main] DEBUG com.zaxxer.hikari.HikariConfig - dataSourceClassName.............none
?[0m?[0;34m23:08:04.072 [main] DEBUG com.zaxxer.hikari.HikariConfig - dataSourceJNDI..................none
?[0m?[0;34m23:08:04.072 [main] DEBUG com.zaxxer.hikari.HikariConfig - dataSourceProperties............{password=<masked>}
?[0m?[0;34m23:08:04.072 [main] DEBUG com.zaxxer.hikari.HikariConfig - driverClassName................."org.postgresql.Driver"
?[0m?[0;34m23:08:04.072 [main] DEBUG com.zaxxer.hikari.HikariConfig - exceptionOverrideClassName......none
?[0m?[0;34m23:08:04.072 [main] DEBUG com.zaxxer.hikari.HikariConfig - healthCheckProperties...........{}
?[0m?[0;34m23:08:04.072 [main] DEBUG com.zaxxer.hikari.HikariConfig - healthCheckRegistry.............none
?[0m?[0;34m23:08:04.072 [main] DEBUG com.zaxxer.hikari.HikariConfig - idleTimeout.....................600000
?[0m?[0;34m23:08:04.072 [main] DEBUG com.zaxxer.hikari.HikariConfig - initializationFailTimeout.......1
?[0m?[0;34m23:08:04.072 [main] DEBUG com.zaxxer.hikari.HikariConfig - isolateInternalQueries..........false
?[0m?[0;34m23:08:04.072 [main] DEBUG com.zaxxer.hikari.HikariConfig - jdbcUrl.........................jdbc:postgresql://localhost:54320/
?[0m?[0;34m23:08:04.072 [main] DEBUG com.zaxxer.hikari.HikariConfig - keepaliveTime...................0
?[0m?[0;34m23:08:04.072 [main] DEBUG com.zaxxer.hikari.HikariConfig - leakDetectionThreshold..........0
?[0m?[0;34m23:08:04.072 [main] DEBUG com.zaxxer.hikari.HikariConfig - maxLifetime.....................1800000
?[0m?[0;34m23:08:04.073 [main] DEBUG com.zaxxer.hikari.HikariConfig - maximumPoolSize.................3
?[0m?[0;34m23:08:04.073 [main] DEBUG com.zaxxer.hikari.HikariConfig - metricRegistry..................none
?[0m?[0;34m23:08:04.073 [main] DEBUG com.zaxxer.hikari.HikariConfig - metricsTrackerFactory...........none
?[0m?[0;34m23:08:04.073 [main] DEBUG com.zaxxer.hikari.HikariConfig - minimumIdle.....................3
?[0m?[0;34m23:08:04.073 [main] DEBUG com.zaxxer.hikari.HikariConfig - password........................<masked>
?[0m?[0;34m23:08:04.073 [main] DEBUG com.zaxxer.hikari.HikariConfig - poolName........................"HikariPool-7"
?[0m?[0;34m23:08:04.073 [main] DEBUG com.zaxxer.hikari.HikariConfig - readOnly........................false
?[0m?[0;34m23:08:04.073 [main] DEBUG com.zaxxer.hikari.HikariConfig - registerMbeans..................false
?[0m?[0;34m23:08:04.073 [main] DEBUG com.zaxxer.hikari.HikariConfig - scheduledExecutor...............none
?[0m?[0;34m23:08:04.073 [main] DEBUG com.zaxxer.hikari.HikariConfig - schema..........................none
?[0m?[0;34m23:08:04.073 [main] DEBUG com.zaxxer.hikari.HikariConfig - threadFactory...................internal
?[0m?[0;34m23:08:04.073 [main] DEBUG com.zaxxer.hikari.HikariConfig - transactionIsolation............"TRANSACTION_REPEATABLE_READ"
?[0m?[0;34m23:08:04.073 [main] DEBUG com.zaxxer.hikari.HikariConfig - username........................"postgres"
?[0m?[0;34m23:08:04.073 [main] DEBUG com.zaxxer.hikari.HikariConfig - validationTimeout...............5000
?[0m?[0;34m23:08:04.073 [main] DEBUG com.zaxxer.hikari.HikariConfig - HikariPool-7 - configuration:
?[0m?[0;34m23:08:04.073 [main] DEBUG com.zaxxer.hikari.HikariConfig - allowPoolSuspension.............false
?[0m?[0;34m23:08:04.073 [main] DEBUG com.zaxxer.hikari.HikariConfig - autoCommit......................false
?[0m?[0;34m23:08:04.073 [main] DEBUG com.zaxxer.hikari.HikariConfig - catalog.........................none
?[0m?[0;34m23:08:04.073 [main] DEBUG com.zaxxer.hikari.HikariConfig - connectionInitSql...............none
?[0m?[0;34m23:08:04.073 [main] DEBUG com.zaxxer.hikari.HikariConfig - connectionTestQuery.............none
?[0m?[0;34m23:08:04.073 [main] DEBUG com.zaxxer.hikari.HikariConfig - connectionTimeout...............30000
?[0m?[0;34m23:08:04.073 [main] DEBUG com.zaxxer.hikari.HikariConfig - dataSource......................none
?[0m?[0;34m23:08:04.073 [main] DEBUG com.zaxxer.hikari.HikariConfig - dataSourceClassName.............none
?[0m?[0;34m23:08:04.073 [main] DEBUG com.zaxxer.hikari.HikariConfig - dataSourceJNDI..................none
?[0m?[0;34m23:08:04.074 [main] DEBUG com.zaxxer.hikari.HikariConfig - dataSourceProperties............{password=<masked>}
?[0m?[0;34m23:08:04.074 [main] DEBUG com.zaxxer.hikari.HikariConfig - driverClassName................."org.postgresql.Driver"
?[0m?[0;34m23:08:04.074 [main] DEBUG com.zaxxer.hikari.HikariConfig - exceptionOverrideClassName......none
?[0m?[0;34m23:08:04.074 [main] DEBUG com.zaxxer.hikari.HikariConfig - healthCheckProperties...........{}
?[0m?[0;34m23:08:04.074 [main] DEBUG com.zaxxer.hikari.HikariConfig - healthCheckRegistry.............none
?[0m?[0;34m23:08:04.074 [main] DEBUG com.zaxxer.hikari.HikariConfig - idleTimeout.....................600000
?[0m?[0;34m23:08:04.074 [main] DEBUG com.zaxxer.hikari.HikariConfig - initializationFailTimeout.......1
?[0m?[0;34m23:08:04.074 [main] DEBUG com.zaxxer.hikari.HikariConfig - isolateInternalQueries..........false
?[0m?[0;34m23:08:04.074 [main] DEBUG com.zaxxer.hikari.HikariConfig - jdbcUrl.........................jdbc:postgresql://localhost:54320/
?[0m?[0;34m23:08:04.074 [main] DEBUG com.zaxxer.hikari.HikariConfig - keepaliveTime...................0
?[0m?[0;34m23:08:04.074 [main] DEBUG com.zaxxer.hikari.HikariConfig - leakDetectionThreshold..........0
?[0m?[0;34m23:08:04.074 [main] DEBUG com.zaxxer.hikari.HikariConfig - maxLifetime.....................1800000
?[0m?[0;34m23:08:04.074 [main] DEBUG com.zaxxer.hikari.HikariConfig - maximumPoolSize.................3
?[0m?[0;34m23:08:04.074 [main] DEBUG com.zaxxer.hikari.HikariConfig - metricRegistry..................none
?[0m?[0;34m23:08:04.074 [main] DEBUG com.zaxxer.hikari.HikariConfig - metricsTrackerFactory...........none
?[0m?[0;34m23:08:04.074 [main] DEBUG com.zaxxer.hikari.HikariConfig - minimumIdle.....................3
?[0m?[0;34m23:08:04.074 [main] DEBUG com.zaxxer.hikari.HikariConfig - password........................<masked>
?[0m?[0;34m23:08:04.074 [main] DEBUG com.zaxxer.hikari.HikariConfig - poolName........................"HikariPool-7"
?[0m?[0;34m23:08:04.074 [main] DEBUG com.zaxxer.hikari.HikariConfig - readOnly........................false
?[0m?[0;34m23:08:04.074 [main] DEBUG com.zaxxer.hikari.HikariConfig - registerMbeans..................false
?[0m?[0;34m23:08:04.074 [main] DEBUG com.zaxxer.hikari.HikariConfig - scheduledExecutor...............none
?[0m?[0;34m23:08:04.074 [main] DEBUG com.zaxxer.hikari.HikariConfig - schema..........................none
?[0m?[0;34m23:08:04.074 [main] DEBUG com.zaxxer.hikari.HikariConfig - threadFactory...................internal
?[0m?[0;34m23:08:04.074 [main] DEBUG com.zaxxer.hikari.HikariConfig - transactionIsolation............"TRANSACTION_REPEATABLE_READ"
?[0m?[0;34m23:08:04.074 [main] DEBUG com.zaxxer.hikari.HikariConfig - username........................"postgres"
?[0m?[0;34m23:08:04.074 [main] DEBUG com.zaxxer.hikari.HikariConfig - validationTimeout...............5000
?[0m?[0;34m23:08:04.074 [main] INFO com.zaxxer.hikari.HikariDataSource - HikariPool-7 - Starting...
?[0m?[0;34m23:08:04.080 [main] INFO com.zaxxer.hikari.pool.HikariPool - HikariPool-7 - Added connection org.postgresql.jdbc.PgConnection@153c7ff7
?[0m?[0;34m23:08:04.080 [main] INFO com.zaxxer.hikari.HikariDataSource - HikariPool-7 - Start completed.
?[0m?[0;34m23:08:04.080 [main] DEBUG com.zaxxer.hikari.pool.ProxyConnection - HikariPool-7 - Executed rollback on connection org.postgresql.jdbc.PgConnection@153c7ff7 due to dirty commit state on close().
?[0m?[0;34m23:08:04.085 [main] DEBUG com.zaxxer.hikari.pool.PoolBase - HikariPool-7 - Reset (isolation) on connection org.postgresql.jdbc.PgConnection@153c7ff7
?[0m?[0;34m23:08:04.085 [main] INFO ktor.test - Application started in 0.015 seconds.
?[1;31m
Start test 8?[0m
?[0;34m23:08:04.103 [main] INFO ktor.test - Autoreload is disabled because the development mode is off.
?[0;34m23:08:04.103 [HikariPool-4 housekeeper] DEBUG com.zaxxer.hikari.pool.HikariPool - HikariPool-4 - Pool stats (total=1, active=0, idle=1, waiting=0)
?[0m?[0;34m23:08:04.104 [main] DEBUG com.zaxxer.hikari.HikariConfig - Driver class org.postgresql.Driver found in Thread context class loader jdk.internal.loader.ClassLoaders$AppClassLoader@6b95977
?[0m?[0;34m23:08:04.104 [main] DEBUG com.zaxxer.hikari.HikariConfig - HikariPool-8 - configuration:
?[0m?[0;34m23:08:04.104 [main] DEBUG com.zaxxer.hikari.HikariConfig - allowPoolSuspension.............false
?[0m?[0;34m23:08:04.104 [main] DEBUG com.zaxxer.hikari.HikariConfig - autoCommit......................false
?[0m?[0;34m23:08:04.104 [main] DEBUG com.zaxxer.hikari.HikariConfig - catalog.........................none
?[0m?[0;34m23:08:04.104 [main] DEBUG com.zaxxer.hikari.HikariConfig - connectionInitSql...............none
?[0m?[0;34m23:08:04.104 [main] DEBUG com.zaxxer.hikari.HikariConfig - connectionTestQuery.............none
?[0m?[0;34m23:08:04.104 [main] DEBUG com.zaxxer.hikari.HikariConfig - connectionTimeout...............30000
?[0m?[0;34m23:08:04.104 [main] DEBUG com.zaxxer.hikari.HikariConfig - dataSource......................none
?[0m?[0;34m23:08:04.104 [main] DEBUG com.zaxxer.hikari.HikariConfig - dataSourceClassName.............none
?[0m?[0;34m23:08:04.104 [main] DEBUG com.zaxxer.hikari.HikariConfig - dataSourceJNDI..................none
?[0m?[0;34m23:08:04.104 [main] DEBUG com.zaxxer.hikari.HikariConfig - dataSourceProperties............{password=<masked>}
?[0m?[0;34m23:08:04.104 [main] DEBUG com.zaxxer.hikari.HikariConfig - driverClassName................."org.postgresql.Driver"
?[0m?[0;34m23:08:04.104 [main] DEBUG com.zaxxer.hikari.HikariConfig - exceptionOverrideClassName......none
?[0m?[0;34m23:08:04.104 [main] DEBUG com.zaxxer.hikari.HikariConfig - healthCheckProperties...........{}
?[0m?[0;34m23:08:04.104 [main] DEBUG com.zaxxer.hikari.HikariConfig - healthCheckRegistry.............none
?[0m?[0;34m23:08:04.104 [main] DEBUG com.zaxxer.hikari.HikariConfig - idleTimeout.....................600000
?[0m?[0;34m23:08:04.104 [main] DEBUG com.zaxxer.hikari.HikariConfig - initializationFailTimeout.......1
?[0m?[0;34m23:08:04.104 [main] DEBUG com.zaxxer.hikari.HikariConfig - isolateInternalQueries..........false
?[0m?[0;34m23:08:04.104 [main] DEBUG com.zaxxer.hikari.HikariConfig - jdbcUrl.........................jdbc:postgresql://localhost:54320/
?[0m?[0;34m23:08:04.105 [main] DEBUG com.zaxxer.hikari.HikariConfig - keepaliveTime...................0
?[0m?[0;34m23:08:04.105 [main] DEBUG com.zaxxer.hikari.HikariConfig - leakDetectionThreshold..........0
?[0m?[0;34m23:08:04.105 [main] DEBUG com.zaxxer.hikari.HikariConfig - maxLifetime.....................1800000
?[0m?[0;34m23:08:04.105 [main] DEBUG com.zaxxer.hikari.HikariConfig - maximumPoolSize.................3
?[0m?[0;34m23:08:04.105 [main] DEBUG com.zaxxer.hikari.HikariConfig - metricRegistry..................none
?[0m?[0;34m23:08:04.105 [main] DEBUG com.zaxxer.hikari.HikariConfig - metricsTrackerFactory...........none
?[0m?[0;34m23:08:04.105 [main] DEBUG com.zaxxer.hikari.HikariConfig - minimumIdle.....................3
?[0m?[0;34m23:08:04.105 [main] DEBUG com.zaxxer.hikari.HikariConfig - password........................<masked>
?[0m?[0;34m23:08:04.105 [main] DEBUG com.zaxxer.hikari.HikariConfig - poolName........................"HikariPool-8"
?[0m?[0;34m23:08:04.105 [main] DEBUG com.zaxxer.hikari.HikariConfig - readOnly........................false
?[0m?[0;34m23:08:04.105 [main] DEBUG com.zaxxer.hikari.HikariConfig - registerMbeans..................false
?[0m?[0;34m23:08:04.105 [main] DEBUG com.zaxxer.hikari.HikariConfig - scheduledExecutor...............none
?[0m?[0;34m23:08:04.105 [main] DEBUG com.zaxxer.hikari.HikariConfig - schema..........................none
?[0m?[0;34m23:08:04.105 [main] DEBUG com.zaxxer.hikari.HikariConfig - threadFactory...................internal
?[0m?[0;34m23:08:04.105 [main] DEBUG com.zaxxer.hikari.HikariConfig - transactionIsolation............"TRANSACTION_REPEATABLE_READ"
?[0m?[0;34m23:08:04.105 [main] DEBUG com.zaxxer.hikari.HikariConfig - username........................"postgres"
?[0m?[0;34m23:08:04.105 [main] DEBUG com.zaxxer.hikari.HikariConfig - validationTimeout...............5000
?[0m?[0;34m23:08:04.105 [main] DEBUG com.zaxxer.hikari.HikariConfig - HikariPool-8 - configuration:
?[0m?[0;34m23:08:04.106 [main] DEBUG com.zaxxer.hikari.HikariConfig - allowPoolSuspension.............false
?[0m?[0;34m23:08:04.106 [main] DEBUG com.zaxxer.hikari.HikariConfig - autoCommit......................false
?[0m?[0;34m23:08:04.106 [main] DEBUG com.zaxxer.hikari.HikariConfig - catalog.........................none
?[0m?[0;34m23:08:04.106 [main] DEBUG com.zaxxer.hikari.HikariConfig - connectionInitSql...............none
?[0m?[0;34m23:08:04.106 [main] DEBUG com.zaxxer.hikari.HikariConfig - connectionTestQuery.............none
?[0m?[0;34m23:08:04.106 [main] DEBUG com.zaxxer.hikari.HikariConfig - connectionTimeout...............30000
?[0m?[0;34m23:08:04.107 [main] DEBUG com.zaxxer.hikari.HikariConfig - dataSource......................none
?[0m?[0;34m23:08:04.107 [main] DEBUG com.zaxxer.hikari.HikariConfig - dataSourceClassName.............none
?[0m?[0;34m23:08:04.107 [main] DEBUG com.zaxxer.hikari.HikariConfig - dataSourceJNDI..................none
?[0m?[0;34m23:08:04.107 [main] DEBUG com.zaxxer.hikari.HikariConfig - dataSourceProperties............{password=<masked>}
?[0m?[0;34m23:08:04.107 [main] DEBUG com.zaxxer.hikari.HikariConfig - driverClassName................."org.postgresql.Driver"
?[0m?[0;34m23:08:04.107 [main] DEBUG com.zaxxer.hikari.HikariConfig - exceptionOverrideClassName......none
?[0m?[0;34m23:08:04.107 [main] DEBUG com.zaxxer.hikari.HikariConfig - healthCheckProperties...........{}
?[0m?[0;34m23:08:04.107 [main] DEBUG com.zaxxer.hikari.HikariConfig - healthCheckRegistry.............none
?[0m?[0;34m23:08:04.108 [main] DEBUG com.zaxxer.hikari.HikariConfig - idleTimeout.....................600000
?[0m?[0;34m23:08:04.108 [main] DEBUG com.zaxxer.hikari.HikariConfig - initializationFailTimeout.......1
?[0m?[0;34m23:08:04.108 [main] DEBUG com.zaxxer.hikari.HikariConfig - isolateInternalQueries..........false
?[0m?[0;34m23:08:04.108 [main] DEBUG com.zaxxer.hikari.HikariConfig - jdbcUrl.........................jdbc:postgresql://localhost:54320/
?[0m?[0;34m23:08:04.108 [main] DEBUG com.zaxxer.hikari.HikariConfig - keepaliveTime...................0
?[0m?[0;34m23:08:04.108 [main] DEBUG com.zaxxer.hikari.HikariConfig - leakDetectionThreshold..........0
?[0m?[0;34m23:08:04.108 [main] DEBUG com.zaxxer.hikari.HikariConfig - maxLifetime.....................1800000
?[0m?[0;34m23:08:04.108 [main] DEBUG com.zaxxer.hikari.HikariConfig - maximumPoolSize.................3
?[0m?[0;34m23:08:04.109 [main] DEBUG com.zaxxer.hikari.HikariConfig - metricRegistry..................none
?[0m?[0;34m23:08:04.109 [main] DEBUG com.zaxxer.hikari.HikariConfig - metricsTrackerFactory...........none
?[0m?[0;34m23:08:04.109 [main] DEBUG com.zaxxer.hikari.HikariConfig - minimumIdle.....................3
?[0;34m23:08:04.109 [HikariPool-4 connection adder] DEBUG com.zaxxer.hikari.pool.HikariPool - HikariPool-4 - Added connection org.postgresql.jdbc.PgConnection@33e412b5
?[0m?[0;34m23:08:04.109 [main] DEBUG com.zaxxer.hikari.HikariConfig - password........................<masked>
?[0m?[0;34m23:08:04.109 [main] DEBUG com.zaxxer.hikari.HikariConfig - poolName........................"HikariPool-8"
?[0m?[0;34m23:08:04.109 [main] DEBUG com.zaxxer.hikari.HikariConfig - readOnly........................false
?[0m?[0;34m23:08:04.109 [main] DEBUG com.zaxxer.hikari.HikariConfig - registerMbeans..................false
?[0m?[0;34m23:08:04.110 [main] DEBUG com.zaxxer.hikari.HikariConfig - scheduledExecutor...............none
?[0m?[0;34m23:08:04.110 [main] DEBUG com.zaxxer.hikari.HikariConfig - schema..........................none
?[0m?[0;34m23:08:04.110 [main] DEBUG com.zaxxer.hikari.HikariConfig - threadFactory...................internal
?[0m?[0;34m23:08:04.110 [main] DEBUG com.zaxxer.hikari.HikariConfig - transactionIsolation............"TRANSACTION_REPEATABLE_READ"
?[0m?[0;34m23:08:04.110 [main] DEBUG com.zaxxer.hikari.HikariConfig - username........................"postgres"
?[0m?[0;34m23:08:04.110 [main] DEBUG com.zaxxer.hikari.HikariConfig - validationTimeout...............5000
?[0m?[0;34m23:08:04.110 [main] INFO com.zaxxer.hikari.HikariDataSource - HikariPool-8 - Starting...
?[0m?[0;34m23:08:04.115 [main] INFO com.zaxxer.hikari.pool.HikariPool - HikariPool-8 - Added connection org.postgresql.jdbc.PgConnection@5c8d046c
?[0m?[0;34m23:08:04.116 [main] INFO com.zaxxer.hikari.HikariDataSource - HikariPool-8 - Start completed.
?[0m?[0;34m23:08:04.116 [main] DEBUG com.zaxxer.hikari.pool.ProxyConnection - HikariPool-8 - Executed rollback on connection org.postgresql.jdbc.PgConnection@5c8d046c due to dirty commit state on close().
?[0m?[0;34m23:08:04.120 [main] DEBUG com.zaxxer.hikari.pool.PoolBase - HikariPool-8 - Reset (isolation) on connection org.postgresql.jdbc.PgConnection@5c8d046c
?[0m?[0;34m23:08:04.120 [main] INFO ktor.test - Application started in 0.018 seconds.
?[0m?[0;34m23:08:04.127 [HikariPool-4 connection adder] DEBUG com.zaxxer.hikari.pool.HikariPool - HikariPool-4 - Added connection org.postgresql.jdbc.PgConnection@3d23eab9
?[0;34m23:08:04.128 [HikariPool-5 housekeeper] DEBUG com.zaxxer.hikari.pool.HikariPool - HikariPool-5 - Pool stats (total=1, active=0, idle=1, waiting=0)
?[0;34m23:08:04.138 [HikariPool-5 connection adder] DEBUG com.zaxxer.hikari.pool.HikariPool - HikariPool-5 - Added connection org.postgresql.jdbc.PgConnection@69fa1c2b
?[0m?[0;34m23:08:04.140 [HikariPool-4 connection adder] DEBUG com.zaxxer.hikari.pool.HikariPool - HikariPool-4 - After adding stats (total=3, active=0, idle=3, waiting=0)
]]></system-out>
  <system-err><![CDATA[]]></system-err>
</testsuite>
